
Slave # 2 starting new work  [iter,method] = 0, 2

Slave # 3 starting new work  [iter,method] = 0, 3

Slave # 4 starting new work  [iter,method] = 0, 4

Slave # 5 starting new work  [iter,method] = 0, 5

Slave # 6 starting new work  [iter,method] = 0, 6

Slave # 7 starting new work  [iter,method] = 1, 1

Slave # 1 starting new work  [iter,method] = 0, 1
 Starting  [method,w] =            1   1.0000000000000000     
 Starting  [method,w] =            2   1.0000000000000000     
 Gauss Seidel Point method
 Starting  [method,w] =            3   1.0000000000000000     
 THE GSL METHOD  
 Starting  [method,w] =            4   1.0000000000000000     
 Jacobi Line METHOD
 Jacobi Line  iteration number =            4
 Starting  [method,w] =            5   1.0000000000000000     
 GSL METHOD  (ADI)
 Starting  [method,w] =            6   1.0000000000000000     
 Jacobi line Method  (ADI)
 Jacobi Line (ADI) iteration number =            6
 Starting  [method,w] =            1   1.1000000000000001     
 JPoint method

Slave # 8 starting new work  [iter,method] = 1, 2

Slave # 9 starting new work  [iter,method] = 1, 3

Slave # 10 starting new work  [iter,method] = 1, 4

Slave # 11 starting new work  [iter,method] = 1, 5

Slave # 12 starting new work  [iter,method] = 1, 6

Slave # 13 starting new work  [iter,method] = 2, 1
 Starting  [method,w] =            1   1.2000000000000000     

Slave # 14 starting new work  [iter,method] = 2, 2
 Starting  [method,w] =            2   1.2000000000000000     

Slave # 15 starting new work  [iter,method] = 2, 3
 Starting  [method,w] =            6   1.1000000000000001     
 Starting  [method,w] =            3   1.1000000000000001     
 JPoint method
 Starting  [method,w] =            4   1.1000000000000001     
 Starting  [method,w] =            2   1.1000000000000001     
 Starting  [method,w] =            5   1.1000000000000001     
 Starting  [method,w] =            3   1.2000000000000000     
 JPoint method
 Gauss Seidel Point method
 THE GSL METHOD  
 Jacobi Line METHOD
 Jacobi Line  iteration number =            4
 Jacobi line Method  (ADI)
 Jacobi Line (ADI) iteration number =            6
 Gauss Seidel Point method
 GSL METHOD  (ADI)
 THE GSL METHOD  
   1.0000000000000000E-014   9.7714526887645785E-015
   1.0000000000000000E-014   9.8333014618815985E-015
   1.0000000000000000E-014   9.7714526887645785E-015
   1.0000000000000000E-014   9.8333014618815985E-015
   1.0000000000000000E-014   9.8229163223120990E-015
   1.0000000000000000E-014   9.8229163223120990E-015
   1.0000000000000000E-014   9.8961030225437580E-015
   1.0000000000000000E-014   9.9922158238451073E-015
 Tecplot Files 
 Tecplot Files 
 Tecplot Files 
 Tecplot Files 
 Tecplot Files 
 Tecplot Files 
 Tecplot Files 
 Tecplot Files 
 eps and error    1.0000000000000000E-014   9.9544272397548749E-015
 Ending Tecplot Files 

Slave # 3 starting new work  [iter,method] = 2, 5
 Starting  [method,w] =            5   1.2000000000000000     
 GSL METHOD  (ADI)
 Tecplot Files 
 Ending Tecplot Files 

Slave # 4 starting new work  [iter,method] = 2, 6
 Starting  [method,w] =            6   1.2000000000000000     
 Jacobi line Method  (ADI)
 Jacobi Line (ADI) iteration number =            6
 Ending Tecplot Files 

Slave # 15 starting new work  [iter,method] = 2, 4
 Starting  [method,w] =            4   1.2000000000000000     
 Jacobi Line METHOD
 Jacobi Line  iteration number =            4
 Ending Tecplot Files 

Slave # 2 starting new work  [iter,method] = 3, 2
 Starting  [method,w] =            2   1.3000000000000000     
 Gauss Seidel Point method
 Ending Tecplot Files 

Slave # 14 starting new work  [iter,method] = 3, 1
 Starting  [method,w] =            1   1.3000000000000000     
 JPoint method
 Ending Tecplot Files 

Slave # 8 starting new work  [iter,method] = 3, 3
 Starting  [method,w] =            3   1.3000000000000000     
 THE GSL METHOD  
   1.0000000000000000E-014   9.5462305304587838E-015
   1.0000000000000000E-014   9.7783703674388876E-015
   1.0000000000000000E-014   9.7783703674388876E-015
 Ending Tecplot Files 

Slave # 9 starting new work  [iter,method] = 3, 4
 Starting  [method,w] =            4   1.3000000000000000     
 Jacobi Line METHOD
 Jacobi Line  iteration number =            4
   1.0000000000000000E-014   8.0954665598966170E-015
   1.0000000000000000E-014   9.9430038338280597E-015
 Ending Tecplot Files 

Slave # 1 starting new work  [iter,method] = 3, 6
 Starting  [method,w] =            6   1.3000000000000000     
 Jacobi line Method  (ADI)
 Jacobi Line (ADI) iteration number =            6
 Tecplot Files 
 Ending Tecplot Files 

Slave # 10 starting new work  [iter,method] = 3, 5
 Starting  [method,w] =            5   1.3000000000000000     
 GSL METHOD  (ADI)
 Tecplot Files 
 Tecplot Files 
 Tecplot Files 
 Tecplot Files 
   1.0000000000000000E-014   9.9993651891993526E-015
 Ending Tecplot Files 

Slave # 11 starting new work  [iter,method] = 4, 1
 Starting  [method,w] =            1   1.3999999999999999     
 JPoint method
 Tecplot Files 
 Ending Tecplot Files 

Slave # 8 starting new work  [iter,method] = 4, 2
 Starting  [method,w] =            2   1.3999999999999999     
 Gauss Seidel Point method
 Ending Tecplot Files 

Slave # 5 starting new work  [iter,method] = 4, 3
 Starting  [method,w] =            3   1.3999999999999999     
 THE GSL METHOD  
 Ending Tecplot Files 

Slave # 2 starting new work  [iter,method] = 4, 4
 Starting  [method,w] =            4   1.3999999999999999     
 Jacobi Line METHOD
 Jacobi Line  iteration number =            4
   1.0000000000000000E-014   9.9412044753392322E-015
   1.0000000000000000E-014   9.9412044753392322E-015
 Ending Tecplot Files 

Slave # 3 starting new work  [iter,method] = 4, 6
 Starting  [method,w] =            6   1.3999999999999999     
 Jacobi line Method  (ADI)
 Jacobi Line (ADI) iteration number =            6
 Tecplot Files 
 Ending Tecplot Files 

Slave # 15 starting new work  [iter,method] = 4, 5
 Starting  [method,w] =            5   1.3999999999999999     
 GSL METHOD  (ADI)
 Tecplot Files 
 Ending Tecplot Files 

Slave # 5 starting new work  [iter,method] = 5, 1
 Starting  [method,w] =            1   1.5000000000000000     
 JPoint method
 Ending Tecplot Files 

Slave # 8 starting new work  [iter,method] = 5, 2
 Starting  [method,w] =            2   1.5000000000000000     
 Gauss Seidel Point method
   1.0000000000000000E-014   9.7455800662928161E-015
 Tecplot Files 
 Ending Tecplot Files 

Slave # 8 starting new work  [iter,method] = 5, 3
 Starting  [method,w] =            3   1.5000000000000000     
 THE GSL METHOD  
   1.0000000000000000E-014   9.7455800662928161E-015
 Tecplot Files 
   1.0000000000000000E-014   9.8453727544626465E-015
 Tecplot Files 
 Ending Tecplot Files 

Slave # 8 starting new work  [iter,method] = 5, 4
 Starting  [method,w] =            4   1.5000000000000000     
 Jacobi Line METHOD
 Jacobi Line  iteration number =            4
   1.0000000000000000E-014   9.8399280556849396E-015
 Ending Tecplot Files 

Slave # 6 starting new work  [iter,method] = 5, 5
 Starting  [method,w] =            5   1.5000000000000000     
 GSL METHOD  (ADI)
 Tecplot Files 
 Ending Tecplot Files 

Slave # 12 starting new work  [iter,method] = 5, 6
 Starting  [method,w] =            6   1.5000000000000000     
 Jacobi line Method  (ADI)
 Jacobi Line (ADI) iteration number =            6

Slave # 2 starting new work  [iter,method] = 6, 1
 Starting  [method,w] =            1   1.6000000000000001     
 JPoint method
 JPoint iteration number =      1000000
 JPoint iteration number =      1000000

Slave # 9 starting new work  [iter,method] = 6, 2
 Starting  [method,w] =            2   1.6000000000000001     
 Gauss Seidel Point method
   1.0000000000000000E-014   9.5095659907898308E-015
 Tecplot Files 
 Ending Tecplot Files 

Slave # 9 starting new work  [iter,method] = 6, 3
 Starting  [method,w] =            3   1.6000000000000001     
 THE GSL METHOD  
   1.0000000000000000E-014   9.5095659907898308E-015
 Tecplot Files 
 Ending Tecplot Files 

Slave # 9 starting new work  [iter,method] = 6, 4
 Starting  [method,w] =            4   1.6000000000000001     
 Jacobi Line METHOD
 Jacobi Line  iteration number =            4
 JPoint iteration number =      1000000

Slave # 8 starting new work  [iter,method] = 6, 5
 Starting  [method,w] =            5   1.6000000000000001     
 GSL METHOD  (ADI)
 JPoint iteration number =      1000000
 JPoint iteration number =      1000000
 JPoint iteration number =      1000000
 JPoint iteration number =      2000000
 JPoint iteration number =      2000000

Slave # 9 starting new work  [iter,method] = 6, 6
 Starting  [method,w] =            6   1.6000000000000001     
 Jacobi line Method  (ADI)
 Jacobi Line (ADI) iteration number =            6
 JPoint iteration number =      2000000
 JPoint iteration number =      2000000
 JPoint iteration number =      2000000
 JPoint iteration number =      2000000
 JPoint iteration number =      3000000
 JPoint iteration number =      3000000
 JPoint iteration number =      3000000
 JPoint iteration number =      3000000
 JPoint iteration number =      3000000
 JPoint iteration number =      3000000
 JPoint iteration number =      4000000
 JPoint iteration number =      4000000
 JPoint iteration number =      4000000
 JPoint iteration number =      4000000
 JPoint iteration number =      4000000
 JPoint iteration number =      4000000
 JPoint iteration number =      5000000
 JPoint iteration number =      5000000
 JPoint iteration number =      5000000
